  Func.cpp
C:\Users\ADMIN\OneDrive - VNU-HCMUS\HocTap\NamNhat\HKII\LTKTLT\Bonus_Project\Bonus_Project\Project.h(107,21): error C2011: 'List_Student': 'struct' type redefinition
C:\Users\ADMIN\OneDrive - VNU-HCMUS\HocTap\NamNhat\HKII\LTKTLT\Bonus_Project\Bonus_Project\Project.h(74): message : see declaration of 'List_Student'
C:\Users\ADMIN\OneDrive - VNU-HCMUS\HocTap\NamNhat\HKII\LTKTLT\Bonus_Project\Bonus_Project\Project.h(121,15): error C2079: 'Course::ListOfStudent' uses undefined struct 'List_Student'
C:\Users\ADMIN\OneDrive - VNU-HCMUS\HocTap\NamNhat\HKII\LTKTLT\Bonus_Project\Bonus_Project\Project.h(145,15): error C2079: 'Node_School_Year::a' uses undefined struct 'List_Student'
C:\Users\ADMIN\OneDrive - VNU-HCMUS\HocTap\NamNhat\HKII\LTKTLT\Bonus_Project\Bonus_Project\Func.cpp(133,3): error C2027: use of undefined type 'List_Student'
C:\Users\ADMIN\OneDrive - VNU-HCMUS\HocTap\NamNhat\HKII\LTKTLT\Bonus_Project\Bonus_Project\Project.h(74): message : see declaration of 'List_Student'
C:\Users\ADMIN\OneDrive - VNU-HCMUS\HocTap\NamNhat\HKII\LTKTLT\Bonus_Project\Bonus_Project\Func.cpp(134,3): error C2027: use of undefined type 'List_Student'
C:\Users\ADMIN\OneDrive - VNU-HCMUS\HocTap\NamNhat\HKII\LTKTLT\Bonus_Project\Bonus_Project\Project.h(74): message : see declaration of 'List_Student'
C:\Users\ADMIN\OneDrive - VNU-HCMUS\HocTap\NamNhat\HKII\LTKTLT\Bonus_Project\Bonus_Project\Func.cpp(167,6): error C2027: use of undefined type 'List_Student'
C:\Users\ADMIN\OneDrive - VNU-HCMUS\HocTap\NamNhat\HKII\LTKTLT\Bonus_Project\Bonus_Project\Project.h(74): message : see declaration of 'List_Student'
C:\Users\ADMIN\OneDrive - VNU-HCMUS\HocTap\NamNhat\HKII\LTKTLT\Bonus_Project\Bonus_Project\Func.cpp(169,5): error C2027: use of undefined type 'List_Student'
C:\Users\ADMIN\OneDrive - VNU-HCMUS\HocTap\NamNhat\HKII\LTKTLT\Bonus_Project\Bonus_Project\Project.h(74): message : see declaration of 'List_Student'
C:\Users\ADMIN\OneDrive - VNU-HCMUS\HocTap\NamNhat\HKII\LTKTLT\Bonus_Project\Bonus_Project\Func.cpp(170,5): error C2027: use of undefined type 'List_Student'
C:\Users\ADMIN\OneDrive - VNU-HCMUS\HocTap\NamNhat\HKII\LTKTLT\Bonus_Project\Bonus_Project\Project.h(74): message : see declaration of 'List_Student'
C:\Users\ADMIN\OneDrive - VNU-HCMUS\HocTap\NamNhat\HKII\LTKTLT\Bonus_Project\Bonus_Project\Func.cpp(174,5): error C2027: use of undefined type 'List_Student'
C:\Users\ADMIN\OneDrive - VNU-HCMUS\HocTap\NamNhat\HKII\LTKTLT\Bonus_Project\Bonus_Project\Project.h(74): message : see declaration of 'List_Student'
C:\Users\ADMIN\OneDrive - VNU-HCMUS\HocTap\NamNhat\HKII\LTKTLT\Bonus_Project\Bonus_Project\Func.cpp(175,5): error C2027: use of undefined type 'List_Student'
C:\Users\ADMIN\OneDrive - VNU-HCMUS\HocTap\NamNhat\HKII\LTKTLT\Bonus_Project\Bonus_Project\Project.h(74): message : see declaration of 'List_Student'
C:\Users\ADMIN\OneDrive - VNU-HCMUS\HocTap\NamNhat\HKII\LTKTLT\Bonus_Project\Bonus_Project\Func.cpp(180,6): error C2027: use of undefined type 'List_Student'
C:\Users\ADMIN\OneDrive - VNU-HCMUS\HocTap\NamNhat\HKII\LTKTLT\Bonus_Project\Bonus_Project\Project.h(74): message : see declaration of 'List_Student'
C:\Users\ADMIN\OneDrive - VNU-HCMUS\HocTap\NamNhat\HKII\LTKTLT\Bonus_Project\Bonus_Project\Func.cpp(182,21): error C2027: use of undefined type 'List_Student'
C:\Users\ADMIN\OneDrive - VNU-HCMUS\HocTap\NamNhat\HKII\LTKTLT\Bonus_Project\Bonus_Project\Project.h(74): message : see declaration of 'List_Student'
C:\Users\ADMIN\OneDrive - VNU-HCMUS\HocTap\NamNhat\HKII\LTKTLT\Bonus_Project\Bonus_Project\Func.cpp(217,15): error C2027: use of undefined type 'List_Student'
C:\Users\ADMIN\OneDrive - VNU-HCMUS\HocTap\NamNhat\HKII\LTKTLT\Bonus_Project\Bonus_Project\Project.h(74): message : see declaration of 'List_Student'
C:\Users\ADMIN\OneDrive - VNU-HCMUS\HocTap\NamNhat\HKII\LTKTLT\Bonus_Project\Bonus_Project\Func.cpp(219,21): error C2027: use of undefined type 'List_Student'
C:\Users\ADMIN\OneDrive - VNU-HCMUS\HocTap\NamNhat\HKII\LTKTLT\Bonus_Project\Bonus_Project\Project.h(74): message : see declaration of 'List_Student'
C:\Users\ADMIN\OneDrive - VNU-HCMUS\HocTap\NamNhat\HKII\LTKTLT\Bonus_Project\Bonus_Project\Func.cpp(228,6): error C2027: use of undefined type 'List_Student'
C:\Users\ADMIN\OneDrive - VNU-HCMUS\HocTap\NamNhat\HKII\LTKTLT\Bonus_Project\Bonus_Project\Project.h(74): message : see declaration of 'List_Student'
C:\Users\ADMIN\OneDrive - VNU-HCMUS\HocTap\NamNhat\HKII\LTKTLT\Bonus_Project\Bonus_Project\Func.cpp(235,5): error C2664: 'Node_Student *checkInfoInListStudent(List_Student,ID_User *)': cannot convert argument 1 from 'List_Student' to 'List_Student'
C:\Users\ADMIN\OneDrive - VNU-HCMUS\HocTap\NamNhat\HKII\LTKTLT\Bonus_Project\Bonus_Project\Func.cpp(235,5): message : use of undefined type 'List_Student'
C:\Users\ADMIN\OneDrive - VNU-HCMUS\HocTap\NamNhat\HKII\LTKTLT\Bonus_Project\Bonus_Project\Project.h(74,8): message : see declaration of 'List_Student'
C:\Users\ADMIN\OneDrive - VNU-HCMUS\HocTap\NamNhat\HKII\LTKTLT\Bonus_Project\Bonus_Project\Func.cpp(217,15): message : see declaration of 'checkInfoInListStudent'
C:\Users\ADMIN\OneDrive - VNU-HCMUS\HocTap\NamNhat\HKII\LTKTLT\Bonus_Project\Bonus_Project\Func.cpp(237,50): error C2664: 'Node_Student *checkInfoInListStudent(List_Student,ID_User *)': cannot convert argument 1 from 'List_Student' to 'List_Student'
C:\Users\ADMIN\OneDrive - VNU-HCMUS\HocTap\NamNhat\HKII\LTKTLT\Bonus_Project\Bonus_Project\Func.cpp(237,50): message : use of undefined type 'List_Student'
C:\Users\ADMIN\OneDrive - VNU-HCMUS\HocTap\NamNhat\HKII\LTKTLT\Bonus_Project\Bonus_Project\Project.h(74,8): message : see declaration of 'List_Student'
C:\Users\ADMIN\OneDrive - VNU-HCMUS\HocTap\NamNhat\HKII\LTKTLT\Bonus_Project\Bonus_Project\Func.cpp(217,15): message : see declaration of 'checkInfoInListStudent'
C:\Users\ADMIN\OneDrive - VNU-HCMUS\HocTap\NamNhat\HKII\LTKTLT\Bonus_Project\Bonus_Project\Func.cpp(274,19): error C2027: use of undefined type 'List_Student'
C:\Users\ADMIN\OneDrive - VNU-HCMUS\HocTap\NamNhat\HKII\LTKTLT\Bonus_Project\Bonus_Project\Project.h(74): message : see declaration of 'List_Student'
C:\Users\ADMIN\OneDrive - VNU-HCMUS\HocTap\NamNhat\HKII\LTKTLT\Bonus_Project\Bonus_Project\Func.cpp(277,9): error C2027: use of undefined type 'List_Student'
C:\Users\ADMIN\OneDrive - VNU-HCMUS\HocTap\NamNhat\HKII\LTKTLT\Bonus_Project\Bonus_Project\Project.h(74): message : see declaration of 'List_Student'
C:\Users\ADMIN\OneDrive - VNU-HCMUS\HocTap\NamNhat\HKII\LTKTLT\Bonus_Project\Bonus_Project\Func.cpp(295,6): error C2027: use of undefined type 'List_Student'
C:\Users\ADMIN\OneDrive - VNU-HCMUS\HocTap\NamNhat\HKII\LTKTLT\Bonus_Project\Bonus_Project\Project.h(74): message : see declaration of 'List_Student'
C:\Users\ADMIN\OneDrive - VNU-HCMUS\HocTap\NamNhat\HKII\LTKTLT\Bonus_Project\Bonus_Project\Func.cpp(297,46): error C2664: 'Node_School_Year *createNodeSchoolYear(List_Student)': cannot convert argument 1 from 'List_Student' to 'List_Student'
C:\Users\ADMIN\OneDrive - VNU-HCMUS\HocTap\NamNhat\HKII\LTKTLT\Bonus_Project\Bonus_Project\Func.cpp(297,46): message : use of undefined type 'List_Student'
C:\Users\ADMIN\OneDrive - VNU-HCMUS\HocTap\NamNhat\HKII\LTKTLT\Bonus_Project\Bonus_Project\Project.h(74,8): message : see declaration of 'List_Student'
C:\Users\ADMIN\OneDrive - VNU-HCMUS\HocTap\NamNhat\HKII\LTKTLT\Bonus_Project\Bonus_Project\Func.cpp(274,19): message : see declaration of 'createNodeSchoolYear'
C:\Users\ADMIN\OneDrive - VNU-HCMUS\HocTap\NamNhat\HKII\LTKTLT\Bonus_Project\Bonus_Project\Func.cpp(316,25): error C2664: 'void outputListStudent(List_Student)': cannot convert argument 1 from 'int' to 'List_Student'
C:\Users\ADMIN\OneDrive - VNU-HCMUS\HocTap\NamNhat\HKII\LTKTLT\Bonus_Project\Bonus_Project\Func.cpp(316,25): message : use of undefined type 'List_Student'
C:\Users\ADMIN\OneDrive - VNU-HCMUS\HocTap\NamNhat\HKII\LTKTLT\Bonus_Project\Bonus_Project\Project.h(74,8): message : see declaration of 'List_Student'
C:\Users\ADMIN\OneDrive - VNU-HCMUS\HocTap\NamNhat\HKII\LTKTLT\Bonus_Project\Bonus_Project\Func.cpp(180,6): message : see declaration of 'outputListStudent'
C:\Users\ADMIN\OneDrive - VNU-HCMUS\HocTap\NamNhat\HKII\LTKTLT\Bonus_Project\Bonus_Project\Func.cpp(385,5): error C2027: use of undefined type 'List_Student'
C:\Users\ADMIN\OneDrive - VNU-HCMUS\HocTap\NamNhat\HKII\LTKTLT\Bonus_Project\Bonus_Project\Project.h(74): message : see declaration of 'List_Student'
C:\Users\ADMIN\OneDrive - VNU-HCMUS\HocTap\NamNhat\HKII\LTKTLT\Bonus_Project\Bonus_Project\Func.cpp(387,4): error C2027: use of undefined type 'List_Student'
C:\Users\ADMIN\OneDrive - VNU-HCMUS\HocTap\NamNhat\HKII\LTKTLT\Bonus_Project\Bonus_Project\Project.h(74): message : see declaration of 'List_Student'
C:\Users\ADMIN\OneDrive - VNU-HCMUS\HocTap\NamNhat\HKII\LTKTLT\Bonus_Project\Bonus_Project\Func.cpp(388,4): error C2027: use of undefined type 'List_Student'
C:\Users\ADMIN\OneDrive - VNU-HCMUS\HocTap\NamNhat\HKII\LTKTLT\Bonus_Project\Bonus_Project\Project.h(74): message : see declaration of 'List_Student'
C:\Users\ADMIN\OneDrive - VNU-HCMUS\HocTap\NamNhat\HKII\LTKTLT\Bonus_Project\Bonus_Project\Func.cpp(392,4): error C2027: use of undefined type 'List_Student'
C:\Users\ADMIN\OneDrive - VNU-HCMUS\HocTap\NamNhat\HKII\LTKTLT\Bonus_Project\Bonus_Project\Project.h(74): message : see declaration of 'List_Student'
C:\Users\ADMIN\OneDrive - VNU-HCMUS\HocTap\NamNhat\HKII\LTKTLT\Bonus_Project\Bonus_Project\Func.cpp(393,4): error C2027: use of undefined type 'List_Student'
C:\Users\ADMIN\OneDrive - VNU-HCMUS\HocTap\NamNhat\HKII\LTKTLT\Bonus_Project\Bonus_Project\Project.h(74): message : see declaration of 'List_Student'
C:\Users\ADMIN\OneDrive - VNU-HCMUS\HocTap\NamNhat\HKII\LTKTLT\Bonus_Project\Bonus_Project\Func.cpp(411,15): error C2079: 'l22CTT2' uses undefined struct 'List_Student'
C:\Users\ADMIN\OneDrive - VNU-HCMUS\HocTap\NamNhat\HKII\LTKTLT\Bonus_Project\Bonus_Project\Func.cpp(411,24): error C2079: 'l22CTT3' uses undefined struct 'List_Student'
C:\Users\ADMIN\OneDrive - VNU-HCMUS\HocTap\NamNhat\HKII\LTKTLT\Bonus_Project\Bonus_Project\Func.cpp(411,33): error C2079: 'l22CTT4' uses undefined struct 'List_Student'
C:\Users\ADMIN\OneDrive - VNU-HCMUS\HocTap\NamNhat\HKII\LTKTLT\Bonus_Project\Bonus_Project\Func.cpp(412,41): error C2664: 'void inputOneSchoolYear(std::fstream &,List_Student &)': cannot convert argument 2 from 'int' to 'List_Student &'
C:\Users\ADMIN\OneDrive - VNU-HCMUS\HocTap\NamNhat\HKII\LTKTLT\Bonus_Project\Bonus_Project\Func.cpp(288,6): message : see declaration of 'inputOneSchoolYear'
C:\Users\ADMIN\OneDrive - VNU-HCMUS\HocTap\NamNhat\HKII\LTKTLT\Bonus_Project\Bonus_Project\Func.cpp(413,41): error C2664: 'void inputOneSchoolYear(std::fstream &,List_Student &)': cannot convert argument 2 from 'int' to 'List_Student &'
C:\Users\ADMIN\OneDrive - VNU-HCMUS\HocTap\NamNhat\HKII\LTKTLT\Bonus_Project\Bonus_Project\Func.cpp(288,6): message : see declaration of 'inputOneSchoolYear'
C:\Users\ADMIN\OneDrive - VNU-HCMUS\HocTap\NamNhat\HKII\LTKTLT\Bonus_Project\Bonus_Project\Func.cpp(414,41): error C2664: 'void inputOneSchoolYear(std::fstream &,List_Student &)': cannot convert argument 2 from 'int' to 'List_Student &'
C:\Users\ADMIN\OneDrive - VNU-HCMUS\HocTap\NamNhat\HKII\LTKTLT\Bonus_Project\Bonus_Project\Func.cpp(288,6): message : see declaration of 'inputOneSchoolYear'
C:\Users\ADMIN\OneDrive - VNU-HCMUS\HocTap\NamNhat\HKII\LTKTLT\Bonus_Project\Bonus_Project\Func.cpp(416,42): error C2664: 'void add1stStudent(List_Student &,Student)': cannot convert argument 1 from 'int' to 'List_Student &'
C:\Users\ADMIN\OneDrive - VNU-HCMUS\HocTap\NamNhat\HKII\LTKTLT\Bonus_Project\Bonus_Project\Func.cpp(382,6): message : see declaration of 'add1stStudent'
C:\Users\ADMIN\OneDrive - VNU-HCMUS\HocTap\NamNhat\HKII\LTKTLT\Bonus_Project\Bonus_Project\Func.cpp(423,41): error C2664: 'void inputListSchoolYear(List_School_Year &,List_Student)': cannot convert argument 2 from 'int' to 'List_Student'
C:\Users\ADMIN\OneDrive - VNU-HCMUS\HocTap\NamNhat\HKII\LTKTLT\Bonus_Project\Bonus_Project\Func.cpp(423,41): message : use of undefined type 'List_Student'
C:\Users\ADMIN\OneDrive - VNU-HCMUS\HocTap\NamNhat\HKII\LTKTLT\Bonus_Project\Bonus_Project\Project.h(74,8): message : see declaration of 'List_Student'
C:\Users\ADMIN\OneDrive - VNU-HCMUS\HocTap\NamNhat\HKII\LTKTLT\Bonus_Project\Bonus_Project\Func.cpp(295,6): message : see declaration of 'inputListSchoolYear'
C:\Users\ADMIN\OneDrive - VNU-HCMUS\HocTap\NamNhat\HKII\LTKTLT\Bonus_Project\Bonus_Project\Func.cpp(424,41): error C2664: 'void inputListSchoolYear(List_School_Year &,List_Student)': cannot convert argument 2 from 'int' to 'List_Student'
C:\Users\ADMIN\OneDrive - VNU-HCMUS\HocTap\NamNhat\HKII\LTKTLT\Bonus_Project\Bonus_Project\Func.cpp(424,41): message : use of undefined type 'List_Student'
C:\Users\ADMIN\OneDrive - VNU-HCMUS\HocTap\NamNhat\HKII\LTKTLT\Bonus_Project\Bonus_Project\Project.h(74,8): message : see declaration of 'List_Student'
C:\Users\ADMIN\OneDrive - VNU-HCMUS\HocTap\NamNhat\HKII\LTKTLT\Bonus_Project\Bonus_Project\Func.cpp(295,6): message : see declaration of 'inputListSchoolYear'
C:\Users\ADMIN\OneDrive - VNU-HCMUS\HocTap\NamNhat\HKII\LTKTLT\Bonus_Project\Bonus_Project\Func.cpp(425,41): error C2664: 'void inputListSchoolYear(List_School_Year &,List_Student)': cannot convert argument 2 from 'int' to 'List_Student'
C:\Users\ADMIN\OneDrive - VNU-HCMUS\HocTap\NamNhat\HKII\LTKTLT\Bonus_Project\Bonus_Project\Func.cpp(425,41): message : use of undefined type 'List_Student'
C:\Users\ADMIN\OneDrive - VNU-HCMUS\HocTap\NamNhat\HKII\LTKTLT\Bonus_Project\Bonus_Project\Project.h(74,8): message : see declaration of 'List_Student'
C:\Users\ADMIN\OneDrive - VNU-HCMUS\HocTap\NamNhat\HKII\LTKTLT\Bonus_Project\Bonus_Project\Func.cpp(295,6): message : see declaration of 'inputListSchoolYear'
C:\Users\ADMIN\OneDrive - VNU-HCMUS\HocTap\NamNhat\HKII\LTKTLT\Bonus_Project\Bonus_Project\Func.cpp(598,15): error C2079: 'lSOfCourse' uses undefined struct 'List_Student'
C:\Users\ADMIN\OneDrive - VNU-HCMUS\HocTap\NamNhat\HKII\LTKTLT\Bonus_Project\Bonus_Project\Func.cpp(600,28): error C2664: 'void initListStudent(List_Student &)': cannot convert argument 1 from 'int' to 'List_Student &'
C:\Users\ADMIN\OneDrive - VNU-HCMUS\HocTap\NamNhat\HKII\LTKTLT\Bonus_Project\Bonus_Project\Func.cpp(131,6): message : see declaration of 'initListStudent'
C:\Users\ADMIN\OneDrive - VNU-HCMUS\HocTap\NamNhat\HKII\LTKTLT\Bonus_Project\Bonus_Project\Func.cpp(601,42): error C2664: 'void inputListStudent(std::fstream &,List_Student &)': cannot convert argument 2 from 'int' to 'List_Student &'
C:\Users\ADMIN\OneDrive - VNU-HCMUS\HocTap\NamNhat\HKII\LTKTLT\Bonus_Project\Bonus_Project\Func.cpp(160,6): message : see declaration of 'inputListStudent'
C:\Users\ADMIN\OneDrive - VNU-HCMUS\HocTap\NamNhat\HKII\LTKTLT\Bonus_Project\Bonus_Project\Func.cpp(658,1): error C2143: syntax error: missing ';' before '}'
  Main.cpp
C:\Users\ADMIN\OneDrive - VNU-HCMUS\HocTap\NamNhat\HKII\LTKTLT\Bonus_Project\Bonus_Project\Project.h(107,21): error C2011: 'List_Student': 'struct' type redefinition
C:\Users\ADMIN\OneDrive - VNU-HCMUS\HocTap\NamNhat\HKII\LTKTLT\Bonus_Project\Bonus_Project\Project.h(74): message : see declaration of 'List_Student'
C:\Users\ADMIN\OneDrive - VNU-HCMUS\HocTap\NamNhat\HKII\LTKTLT\Bonus_Project\Bonus_Project\Project.h(121,15): error C2079: 'Course::ListOfStudent' uses undefined struct 'List_Student'
C:\Users\ADMIN\OneDrive - VNU-HCMUS\HocTap\NamNhat\HKII\LTKTLT\Bonus_Project\Bonus_Project\Project.h(145,15): error C2079: 'Node_School_Year::a' uses undefined struct 'List_Student'
C:\Users\ADMIN\OneDrive - VNU-HCMUS\HocTap\NamNhat\HKII\LTKTLT\Bonus_Project\Bonus_Project\Main.cpp(29,15): error C2079: 'l18CTT2' uses undefined struct 'List_Student'
C:\Users\ADMIN\OneDrive - VNU-HCMUS\HocTap\NamNhat\HKII\LTKTLT\Bonus_Project\Bonus_Project\Main.cpp(29,24): error C2079: 'l18CTT3' uses undefined struct 'List_Student'
C:\Users\ADMIN\OneDrive - VNU-HCMUS\HocTap\NamNhat\HKII\LTKTLT\Bonus_Project\Bonus_Project\Main.cpp(29,33): error C2079: 'l18CTT4' uses undefined struct 'List_Student'
C:\Users\ADMIN\OneDrive - VNU-HCMUS\HocTap\NamNhat\HKII\LTKTLT\Bonus_Project\Bonus_Project\Main.cpp(29,42): error C2079: 'l19CTT2' uses undefined struct 'List_Student'
C:\Users\ADMIN\OneDrive - VNU-HCMUS\HocTap\NamNhat\HKII\LTKTLT\Bonus_Project\Bonus_Project\Main.cpp(29,51): error C2079: 'l19CTT3' uses undefined struct 'List_Student'
C:\Users\ADMIN\OneDrive - VNU-HCMUS\HocTap\NamNhat\HKII\LTKTLT\Bonus_Project\Bonus_Project\Main.cpp(29,60): error C2079: 'l19CTT4' uses undefined struct 'List_Student'
C:\Users\ADMIN\OneDrive - VNU-HCMUS\HocTap\NamNhat\HKII\LTKTLT\Bonus_Project\Bonus_Project\Main.cpp(29,69): error C2079: 'l20CTT2' uses undefined struct 'List_Student'
C:\Users\ADMIN\OneDrive - VNU-HCMUS\HocTap\NamNhat\HKII\LTKTLT\Bonus_Project\Bonus_Project\Main.cpp(29,78): error C2079: 'l20CTT3' uses undefined struct 'List_Student'
C:\Users\ADMIN\OneDrive - VNU-HCMUS\HocTap\NamNhat\HKII\LTKTLT\Bonus_Project\Bonus_Project\Main.cpp(29,87): error C2079: 'l20CTT4' uses undefined struct 'List_Student'
C:\Users\ADMIN\OneDrive - VNU-HCMUS\HocTap\NamNhat\HKII\LTKTLT\Bonus_Project\Bonus_Project\Main.cpp(29,96): error C2079: 'l21CTT2' uses undefined struct 'List_Student'
C:\Users\ADMIN\OneDrive - VNU-HCMUS\HocTap\NamNhat\HKII\LTKTLT\Bonus_Project\Bonus_Project\Main.cpp(29,105): error C2079: 'l21CTT3' uses undefined struct 'List_Student'
C:\Users\ADMIN\OneDrive - VNU-HCMUS\HocTap\NamNhat\HKII\LTKTLT\Bonus_Project\Bonus_Project\Main.cpp(29,114): error C2079: 'l21CTT4' uses undefined struct 'List_Student'
C:\Users\ADMIN\OneDrive - VNU-HCMUS\HocTap\NamNhat\HKII\LTKTLT\Bonus_Project\Bonus_Project\Main.cpp(35,41): error C2664: 'void inputOneSchoolYear(std::fstream &,List_Student &)': cannot convert argument 2 from 'int' to 'List_Student &'
C:\Users\ADMIN\OneDrive - VNU-HCMUS\HocTap\NamNhat\HKII\LTKTLT\Bonus_Project\Bonus_Project\Project.h(168,6): message : see declaration of 'inputOneSchoolYear'
C:\Users\ADMIN\OneDrive - VNU-HCMUS\HocTap\NamNhat\HKII\LTKTLT\Bonus_Project\Bonus_Project\Main.cpp(36,41): error C2664: 'void inputOneSchoolYear(std::fstream &,List_Student &)': cannot convert argument 2 from 'int' to 'List_Student &'
C:\Users\ADMIN\OneDrive - VNU-HCMUS\HocTap\NamNhat\HKII\LTKTLT\Bonus_Project\Bonus_Project\Project.h(168,6): message : see declaration of 'inputOneSchoolYear'
C:\Users\ADMIN\OneDrive - VNU-HCMUS\HocTap\NamNhat\HKII\LTKTLT\Bonus_Project\Bonus_Project\Main.cpp(37,41): error C2664: 'void inputOneSchoolYear(std::fstream &,List_Student &)': cannot convert argument 2 from 'int' to 'List_Student &'
C:\Users\ADMIN\OneDrive - VNU-HCMUS\HocTap\NamNhat\HKII\LTKTLT\Bonus_Project\Bonus_Project\Project.h(168,6): message : see declaration of 'inputOneSchoolYear'
C:\Users\ADMIN\OneDrive - VNU-HCMUS\HocTap\NamNhat\HKII\LTKTLT\Bonus_Project\Bonus_Project\Main.cpp(38,41): error C2664: 'void inputListSchoolYear(List_School_Year &,List_Student)': cannot convert argument 2 from 'int' to 'List_Student'
C:\Users\ADMIN\OneDrive - VNU-HCMUS\HocTap\NamNhat\HKII\LTKTLT\Bonus_Project\Bonus_Project\Main.cpp(38,41): message : use of undefined type 'List_Student'
C:\Users\ADMIN\OneDrive - VNU-HCMUS\HocTap\NamNhat\HKII\LTKTLT\Bonus_Project\Bonus_Project\Project.h(74,8): message : see declaration of 'List_Student'
C:\Users\ADMIN\OneDrive - VNU-HCMUS\HocTap\NamNhat\HKII\LTKTLT\Bonus_Project\Bonus_Project\Project.h(169,6): message : see declaration of 'inputListSchoolYear'
C:\Users\ADMIN\OneDrive - VNU-HCMUS\HocTap\NamNhat\HKII\LTKTLT\Bonus_Project\Bonus_Project\Main.cpp(39,41): error C2664: 'void inputListSchoolYear(List_School_Year &,List_Student)': cannot convert argument 2 from 'int' to 'List_Student'
C:\Users\ADMIN\OneDrive - VNU-HCMUS\HocTap\NamNhat\HKII\LTKTLT\Bonus_Project\Bonus_Project\Main.cpp(39,41): message : use of undefined type 'List_Student'
C:\Users\ADMIN\OneDrive - VNU-HCMUS\HocTap\NamNhat\HKII\LTKTLT\Bonus_Project\Bonus_Project\Project.h(74,8): message : see declaration of 'List_Student'
C:\Users\ADMIN\OneDrive - VNU-HCMUS\HocTap\NamNhat\HKII\LTKTLT\Bonus_Project\Bonus_Project\Project.h(169,6): message : see declaration of 'inputListSchoolYear'
C:\Users\ADMIN\OneDrive - VNU-HCMUS\HocTap\NamNhat\HKII\LTKTLT\Bonus_Project\Bonus_Project\Main.cpp(40,41): error C2664: 'void inputListSchoolYear(List_School_Year &,List_Student)': cannot convert argument 2 from 'int' to 'List_Student'
C:\Users\ADMIN\OneDrive - VNU-HCMUS\HocTap\NamNhat\HKII\LTKTLT\Bonus_Project\Bonus_Project\Main.cpp(40,41): message : use of undefined type 'List_Student'
C:\Users\ADMIN\OneDrive - VNU-HCMUS\HocTap\NamNhat\HKII\LTKTLT\Bonus_Project\Bonus_Project\Project.h(74,8): message : see declaration of 'List_Student'
C:\Users\ADMIN\OneDrive - VNU-HCMUS\HocTap\NamNhat\HKII\LTKTLT\Bonus_Project\Bonus_Project\Project.h(169,6): message : see declaration of 'inputListSchoolYear'
C:\Users\ADMIN\OneDrive - VNU-HCMUS\HocTap\NamNhat\HKII\LTKTLT\Bonus_Project\Bonus_Project\Main.cpp(44,41): error C2664: 'void inputOneSchoolYear(std::fstream &,List_Student &)': cannot convert argument 2 from 'int' to 'List_Student &'
C:\Users\ADMIN\OneDrive - VNU-HCMUS\HocTap\NamNhat\HKII\LTKTLT\Bonus_Project\Bonus_Project\Project.h(168,6): message : see declaration of 'inputOneSchoolYear'
C:\Users\ADMIN\OneDrive - VNU-HCMUS\HocTap\NamNhat\HKII\LTKTLT\Bonus_Project\Bonus_Project\Main.cpp(45,41): error C2664: 'void inputOneSchoolYear(std::fstream &,List_Student &)': cannot convert argument 2 from 'int' to 'List_Student &'
C:\Users\ADMIN\OneDrive - VNU-HCMUS\HocTap\NamNhat\HKII\LTKTLT\Bonus_Project\Bonus_Project\Project.h(168,6): message : see declaration of 'inputOneSchoolYear'
C:\Users\ADMIN\OneDrive - VNU-HCMUS\HocTap\NamNhat\HKII\LTKTLT\Bonus_Project\Bonus_Project\Main.cpp(46,41): error C2664: 'void inputOneSchoolYear(std::fstream &,List_Student &)': cannot convert argument 2 from 'int' to 'List_Student &'
C:\Users\ADMIN\OneDrive - VNU-HCMUS\HocTap\NamNhat\HKII\LTKTLT\Bonus_Project\Bonus_Project\Project.h(168,6): message : see declaration of 'inputOneSchoolYear'
C:\Users\ADMIN\OneDrive - VNU-HCMUS\HocTap\NamNhat\HKII\LTKTLT\Bonus_Project\Bonus_Project\Main.cpp(47,41): error C2664: 'void inputListSchoolYear(List_School_Year &,List_Student)': cannot convert argument 2 from 'int' to 'List_Student'
C:\Users\ADMIN\OneDrive - VNU-HCMUS\HocTap\NamNhat\HKII\LTKTLT\Bonus_Project\Bonus_Project\Main.cpp(47,41): message : use of undefined type 'List_Student'
C:\Users\ADMIN\OneDrive - VNU-HCMUS\HocTap\NamNhat\HKII\LTKTLT\Bonus_Project\Bonus_Project\Project.h(74,8): message : see declaration of 'List_Student'
C:\Users\ADMIN\OneDrive - VNU-HCMUS\HocTap\NamNhat\HKII\LTKTLT\Bonus_Project\Bonus_Project\Project.h(169,6): message : see declaration of 'inputListSchoolYear'
C:\Users\ADMIN\OneDrive - VNU-HCMUS\HocTap\NamNhat\HKII\LTKTLT\Bonus_Project\Bonus_Project\Main.cpp(48,41): error C2664: 'void inputListSchoolYear(List_School_Year &,List_Student)': cannot convert argument 2 from 'int' to 'List_Student'
C:\Users\ADMIN\OneDrive - VNU-HCMUS\HocTap\NamNhat\HKII\LTKTLT\Bonus_Project\Bonus_Project\Main.cpp(48,41): message : use of undefined type 'List_Student'
C:\Users\ADMIN\OneDrive - VNU-HCMUS\HocTap\NamNhat\HKII\LTKTLT\Bonus_Project\Bonus_Project\Project.h(74,8): message : see declaration of 'List_Student'
C:\Users\ADMIN\OneDrive - VNU-HCMUS\HocTap\NamNhat\HKII\LTKTLT\Bonus_Project\Bonus_Project\Project.h(169,6): message : see declaration of 'inputListSchoolYear'
C:\Users\ADMIN\OneDrive - VNU-HCMUS\HocTap\NamNhat\HKII\LTKTLT\Bonus_Project\Bonus_Project\Main.cpp(49,41): error C2664: 'void inputListSchoolYear(List_School_Year &,List_Student)': cannot convert argument 2 from 'int' to 'List_Student'
C:\Users\ADMIN\OneDrive - VNU-HCMUS\HocTap\NamNhat\HKII\LTKTLT\Bonus_Project\Bonus_Project\Main.cpp(49,41): message : use of undefined type 'List_Student'
C:\Users\ADMIN\OneDrive - VNU-HCMUS\HocTap\NamNhat\HKII\LTKTLT\Bonus_Project\Bonus_Project\Project.h(74,8): message : see declaration of 'List_Student'
C:\Users\ADMIN\OneDrive - VNU-HCMUS\HocTap\NamNhat\HKII\LTKTLT\Bonus_Project\Bonus_Project\Project.h(169,6): message : see declaration of 'inputListSchoolYear'
C:\Users\ADMIN\OneDrive - VNU-HCMUS\HocTap\NamNhat\HKII\LTKTLT\Bonus_Project\Bonus_Project\Main.cpp(53,41): error C2664: 'void inputOneSchoolYear(std::fstream &,List_Student &)': cannot convert argument 2 from 'int' to 'List_Student &'
C:\Users\ADMIN\OneDrive - VNU-HCMUS\HocTap\NamNhat\HKII\LTKTLT\Bonus_Project\Bonus_Project\Project.h(168,6): message : see declaration of 'inputOneSchoolYear'
C:\Users\ADMIN\OneDrive - VNU-HCMUS\HocTap\NamNhat\HKII\LTKTLT\Bonus_Project\Bonus_Project\Main.cpp(54,41): error C2664: 'void inputOneSchoolYear(std::fstream &,List_Student &)': cannot convert argument 2 from 'int' to 'List_Student &'
C:\Users\ADMIN\OneDrive - VNU-HCMUS\HocTap\NamNhat\HKII\LTKTLT\Bonus_Project\Bonus_Project\Project.h(168,6): message : see declaration of 'inputOneSchoolYear'
C:\Users\ADMIN\OneDrive - VNU-HCMUS\HocTap\NamNhat\HKII\LTKTLT\Bonus_Project\Bonus_Project\Main.cpp(55,41): error C2664: 'void inputOneSchoolYear(std::fstream &,List_Student &)': cannot convert argument 2 from 'int' to 'List_Student &'
C:\Users\ADMIN\OneDrive - VNU-HCMUS\HocTap\NamNhat\HKII\LTKTLT\Bonus_Project\Bonus_Project\Project.h(168,6): message : see declaration of 'inputOneSchoolYear'
C:\Users\ADMIN\OneDrive - VNU-HCMUS\HocTap\NamNhat\HKII\LTKTLT\Bonus_Project\Bonus_Project\Main.cpp(56,41): error C2664: 'void inputListSchoolYear(List_School_Year &,List_Student)': cannot convert argument 2 from 'int' to 'List_Student'
C:\Users\ADMIN\OneDrive - VNU-HCMUS\HocTap\NamNhat\HKII\LTKTLT\Bonus_Project\Bonus_Project\Main.cpp(56,41): message : use of undefined type 'List_Student'
C:\Users\ADMIN\OneDrive - VNU-HCMUS\HocTap\NamNhat\HKII\LTKTLT\Bonus_Project\Bonus_Project\Project.h(74,8): message : see declaration of 'List_Student'
C:\Users\ADMIN\OneDrive - VNU-HCMUS\HocTap\NamNhat\HKII\LTKTLT\Bonus_Project\Bonus_Project\Project.h(169,6): message : see declaration of 'inputListSchoolYear'
C:\Users\ADMIN\OneDrive - VNU-HCMUS\HocTap\NamNhat\HKII\LTKTLT\Bonus_Project\Bonus_Project\Main.cpp(57,41): error C2664: 'void inputListSchoolYear(List_School_Year &,List_Student)': cannot convert argument 2 from 'int' to 'List_Student'
C:\Users\ADMIN\OneDrive - VNU-HCMUS\HocTap\NamNhat\HKII\LTKTLT\Bonus_Project\Bonus_Project\Main.cpp(57,41): message : use of undefined type 'List_Student'
C:\Users\ADMIN\OneDrive - VNU-HCMUS\HocTap\NamNhat\HKII\LTKTLT\Bonus_Project\Bonus_Project\Project.h(74,8): message : see declaration of 'List_Student'
C:\Users\ADMIN\OneDrive - VNU-HCMUS\HocTap\NamNhat\HKII\LTKTLT\Bonus_Project\Bonus_Project\Project.h(169,6): message : see declaration of 'inputListSchoolYear'
C:\Users\ADMIN\OneDrive - VNU-HCMUS\HocTap\NamNhat\HKII\LTKTLT\Bonus_Project\Bonus_Project\Main.cpp(58,41): error C2664: 'void inputListSchoolYear(List_School_Year &,List_Student)': cannot convert argument 2 from 'int' to 'List_Student'
C:\Users\ADMIN\OneDrive - VNU-HCMUS\HocTap\NamNhat\HKII\LTKTLT\Bonus_Project\Bonus_Project\Main.cpp(58,41): message : use of undefined type 'List_Student'
C:\Users\ADMIN\OneDrive - VNU-HCMUS\HocTap\NamNhat\HKII\LTKTLT\Bonus_Project\Bonus_Project\Project.h(74,8): message : see declaration of 'List_Student'
C:\Users\ADMIN\OneDrive - VNU-HCMUS\HocTap\NamNhat\HKII\LTKTLT\Bonus_Project\Bonus_Project\Project.h(169,6): message : see declaration of 'inputListSchoolYear'
C:\Users\ADMIN\OneDrive - VNU-HCMUS\HocTap\NamNhat\HKII\LTKTLT\Bonus_Project\Bonus_Project\Main.cpp(62,41): error C2664: 'void inputOneSchoolYear(std::fstream &,List_Student &)': cannot convert argument 2 from 'int' to 'List_Student &'
C:\Users\ADMIN\OneDrive - VNU-HCMUS\HocTap\NamNhat\HKII\LTKTLT\Bonus_Project\Bonus_Project\Project.h(168,6): message : see declaration of 'inputOneSchoolYear'
C:\Users\ADMIN\OneDrive - VNU-HCMUS\HocTap\NamNhat\HKII\LTKTLT\Bonus_Project\Bonus_Project\Main.cpp(63,41): error C2664: 'void inputOneSchoolYear(std::fstream &,List_Student &)': cannot convert argument 2 from 'int' to 'List_Student &'
C:\Users\ADMIN\OneDrive - VNU-HCMUS\HocTap\NamNhat\HKII\LTKTLT\Bonus_Project\Bonus_Project\Project.h(168,6): message : see declaration of 'inputOneSchoolYear'
C:\Users\ADMIN\OneDrive - VNU-HCMUS\HocTap\NamNhat\HKII\LTKTLT\Bonus_Project\Bonus_Project\Main.cpp(64,41): error C2664: 'void inputOneSchoolYear(std::fstream &,List_Student &)': cannot convert argument 2 from 'int' to 'List_Student &'
C:\Users\ADMIN\OneDrive - VNU-HCMUS\HocTap\NamNhat\HKII\LTKTLT\Bonus_Project\Bonus_Project\Project.h(168,6): message : see declaration of 'inputOneSchoolYear'
C:\Users\ADMIN\OneDrive - VNU-HCMUS\HocTap\NamNhat\HKII\LTKTLT\Bonus_Project\Bonus_Project\Main.cpp(65,41): error C2664: 'void inputListSchoolYear(List_School_Year &,List_Student)': cannot convert argument 2 from 'int' to 'List_Student'
C:\Users\ADMIN\OneDrive - VNU-HCMUS\HocTap\NamNhat\HKII\LTKTLT\Bonus_Project\Bonus_Project\Main.cpp(65,41): message : use of undefined type 'List_Student'
C:\Users\ADMIN\OneDrive - VNU-HCMUS\HocTap\NamNhat\HKII\LTKTLT\Bonus_Project\Bonus_Project\Project.h(74,8): message : see declaration of 'List_Student'
C:\Users\ADMIN\OneDrive - VNU-HCMUS\HocTap\NamNhat\HKII\LTKTLT\Bonus_Project\Bonus_Project\Project.h(169,6): message : see declaration of 'inputListSchoolYear'
C:\Users\ADMIN\OneDrive - VNU-HCMUS\HocTap\NamNhat\HKII\LTKTLT\Bonus_Project\Bonus_Project\Main.cpp(66,41): error C2664: 'void inputListSchoolYear(List_School_Year &,List_Student)': cannot convert argument 2 from 'int' to 'List_Student'
C:\Users\ADMIN\OneDrive - VNU-HCMUS\HocTap\NamNhat\HKII\LTKTLT\Bonus_Project\Bonus_Project\Main.cpp(66,41): message : use of undefined type 'List_Student'
C:\Users\ADMIN\OneDrive - VNU-HCMUS\HocTap\NamNhat\HKII\LTKTLT\Bonus_Project\Bonus_Project\Project.h(74,8): message : see declaration of 'List_Student'
C:\Users\ADMIN\OneDrive - VNU-HCMUS\HocTap\NamNhat\HKII\LTKTLT\Bonus_Project\Bonus_Project\Project.h(169,6): message : see declaration of 'inputListSchoolYear'
C:\Users\ADMIN\OneDrive - VNU-HCMUS\HocTap\NamNhat\HKII\LTKTLT\Bonus_Project\Bonus_Project\Main.cpp(67,41): error C2664: 'void inputListSchoolYear(List_School_Year &,List_Student)': cannot convert argument 2 from 'int' to 'List_Student'
C:\Users\ADMIN\OneDrive - VNU-HCMUS\HocTap\NamNhat\HKII\LTKTLT\Bonus_Project\Bonus_Project\Main.cpp(67,41): message : use of undefined type 'List_Student'
C:\Users\ADMIN\OneDrive - VNU-HCMUS\HocTap\NamNhat\HKII\LTKTLT\Bonus_Project\Bonus_Project\Project.h(74,8): message : see declaration of 'List_Student'
C:\Users\ADMIN\OneDrive - VNU-HCMUS\HocTap\NamNhat\HKII\LTKTLT\Bonus_Project\Bonus_Project\Project.h(169,6): message : see declaration of 'inputListSchoolYear'
C:\Users\ADMIN\OneDrive - VNU-HCMUS\HocTap\NamNhat\HKII\LTKTLT\Bonus_Project\Bonus_Project\Main.cpp(105,29): error C2664: 'void viewInfo(List_Staff,List_Student,ID_User *)': cannot convert argument 2 from 'int' to 'List_Student'
C:\Users\ADMIN\OneDrive - VNU-HCMUS\HocTap\NamNhat\HKII\LTKTLT\Bonus_Project\Bonus_Project\Main.cpp(105,29): message : use of undefined type 'List_Student'
C:\Users\ADMIN\OneDrive - VNU-HCMUS\HocTap\NamNhat\HKII\LTKTLT\Bonus_Project\Bonus_Project\Project.h(74,8): message : see declaration of 'List_Student'
C:\Users\ADMIN\OneDrive - VNU-HCMUS\HocTap\NamNhat\HKII\LTKTLT\Bonus_Project\Bonus_Project\Project.h(86,6): message : see declaration of 'viewInfo'
C:\Users\ADMIN\OneDrive - VNU-HCMUS\HocTap\NamNhat\HKII\LTKTLT\Bonus_Project\Bonus_Project\Main.cpp(106,29): error C2664: 'void viewInfo(List_Staff,List_Student,ID_User *)': cannot convert argument 2 from 'int' to 'List_Student'
C:\Users\ADMIN\OneDrive - VNU-HCMUS\HocTap\NamNhat\HKII\LTKTLT\Bonus_Project\Bonus_Project\Main.cpp(106,29): message : use of undefined type 'List_Student'
C:\Users\ADMIN\OneDrive - VNU-HCMUS\HocTap\NamNhat\HKII\LTKTLT\Bonus_Project\Bonus_Project\Project.h(74,8): message : see declaration of 'List_Student'
C:\Users\ADMIN\OneDrive - VNU-HCMUS\HocTap\NamNhat\HKII\LTKTLT\Bonus_Project\Bonus_Project\Project.h(86,6): message : see declaration of 'viewInfo'
C:\Users\ADMIN\OneDrive - VNU-HCMUS\HocTap\NamNhat\HKII\LTKTLT\Bonus_Project\Bonus_Project\Main.cpp(107,29): error C2664: 'void viewInfo(List_Staff,List_Student,ID_User *)': cannot convert argument 2 from 'int' to 'List_Student'
C:\Users\ADMIN\OneDrive - VNU-HCMUS\HocTap\NamNhat\HKII\LTKTLT\Bonus_Project\Bonus_Project\Main.cpp(107,29): message : use of undefined type 'List_Student'
C:\Users\ADMIN\OneDrive - VNU-HCMUS\HocTap\NamNhat\HKII\LTKTLT\Bonus_Project\Bonus_Project\Project.h(74,8): message : see declaration of 'List_Student'
C:\Users\ADMIN\OneDrive - VNU-HCMUS\HocTap\NamNhat\HKII\LTKTLT\Bonus_Project\Bonus_Project\Project.h(86,6): message : see declaration of 'viewInfo'
C:\Users\ADMIN\OneDrive - VNU-HCMUS\HocTap\NamNhat\HKII\LTKTLT\Bonus_Project\Bonus_Project\Main.cpp(108,29): error C2664: 'void viewInfo(List_Staff,List_Student,ID_User *)': cannot convert argument 2 from 'int' to 'List_Student'
C:\Users\ADMIN\OneDrive - VNU-HCMUS\HocTap\NamNhat\HKII\LTKTLT\Bonus_Project\Bonus_Project\Main.cpp(108,29): message : use of undefined type 'List_Student'
C:\Users\ADMIN\OneDrive - VNU-HCMUS\HocTap\NamNhat\HKII\LTKTLT\Bonus_Project\Bonus_Project\Project.h(74,8): message : see declaration of 'List_Student'
C:\Users\ADMIN\OneDrive - VNU-HCMUS\HocTap\NamNhat\HKII\LTKTLT\Bonus_Project\Bonus_Project\Project.h(86,6): message : see declaration of 'viewInfo'
C:\Users\ADMIN\OneDrive - VNU-HCMUS\HocTap\NamNhat\HKII\LTKTLT\Bonus_Project\Bonus_Project\Main.cpp(109,29): error C2664: 'void viewInfo(List_Staff,List_Student,ID_User *)': cannot convert argument 2 from 'int' to 'List_Student'
C:\Users\ADMIN\OneDrive - VNU-HCMUS\HocTap\NamNhat\HKII\LTKTLT\Bonus_Project\Bonus_Project\Main.cpp(109,29): message : use of undefined type 'List_Student'
C:\Users\ADMIN\OneDrive - VNU-HCMUS\HocTap\NamNhat\HKII\LTKTLT\Bonus_Project\Bonus_Project\Project.h(74,8): message : see declaration of 'List_Student'
C:\Users\ADMIN\OneDrive - VNU-HCMUS\HocTap\NamNhat\HKII\LTKTLT\Bonus_Project\Bonus_Project\Project.h(86,6): message : see declaration of 'viewInfo'
C:\Users\ADMIN\OneDrive - VNU-HCMUS\HocTap\NamNhat\HKII\LTKTLT\Bonus_Project\Bonus_Project\Main.cpp(110,29): error C2664: 'void viewInfo(List_Staff,List_Student,ID_User *)': cannot convert argument 2 from 'int' to 'List_Student'
C:\Users\ADMIN\OneDrive - VNU-HCMUS\HocTap\NamNhat\HKII\LTKTLT\Bonus_Project\Bonus_Project\Main.cpp(110,29): message : use of undefined type 'List_Student'
C:\Users\ADMIN\OneDrive - VNU-HCMUS\HocTap\NamNhat\HKII\LTKTLT\Bonus_Project\Bonus_Project\Project.h(74,8): message : see declaration of 'List_Student'
C:\Users\ADMIN\OneDrive - VNU-HCMUS\HocTap\NamNhat\HKII\LTKTLT\Bonus_Project\Bonus_Project\Project.h(86,6): message : see declaration of 'viewInfo'
C:\Users\ADMIN\OneDrive - VNU-HCMUS\HocTap\NamNhat\HKII\LTKTLT\Bonus_Project\Bonus_Project\Main.cpp(111,29): error C2664: 'void viewInfo(List_Staff,List_Student,ID_User *)': cannot convert argument 2 from 'int' to 'List_Student'
C:\Users\ADMIN\OneDrive - VNU-HCMUS\HocTap\NamNhat\HKII\LTKTLT\Bonus_Project\Bonus_Project\Main.cpp(111,29): message : use of undefined type 'List_Student'
C:\Users\ADMIN\OneDrive - VNU-HCMUS\HocTap\NamNhat\HKII\LTKTLT\Bonus_Project\Bonus_Project\Project.h(74,8): message : see declaration of 'List_Student'
C:\Users\ADMIN\OneDrive - VNU-HCMUS\HocTap\NamNhat\HKII\LTKTLT\Bonus_Project\Bonus_Project\Project.h(86,6): message : see declaration of 'viewInfo'
C:\Users\ADMIN\OneDrive - VNU-HCMUS\HocTap\NamNhat\HKII\LTKTLT\Bonus_Project\Bonus_Project\Main.cpp(112,29): error C2664: 'void viewInfo(List_Staff,List_Student,ID_User *)': cannot convert argument 2 from 'int' to 'List_Student'
C:\Users\ADMIN\OneDrive - VNU-HCMUS\HocTap\NamNhat\HKII\LTKTLT\Bonus_Project\Bonus_Project\Main.cpp(112,29): message : use of undefined type 'List_Student'
C:\Users\ADMIN\OneDrive - VNU-HCMUS\HocTap\NamNhat\HKII\LTKTLT\Bonus_Project\Bonus_Project\Project.h(74,8): message : see declaration of 'List_Student'
C:\Users\ADMIN\OneDrive - VNU-HCMUS\HocTap\NamNhat\HKII\LTKTLT\Bonus_Project\Bonus_Project\Project.h(86,6): message : see declaration of 'viewInfo'
C:\Users\ADMIN\OneDrive - VNU-HCMUS\HocTap\NamNhat\HKII\LTKTLT\Bonus_Project\Bonus_Project\Main.cpp(113,29): error C2664: 'void viewInfo(List_Staff,List_Student,ID_User *)': cannot convert argument 2 from 'int' to 'List_Student'
C:\Users\ADMIN\OneDrive - VNU-HCMUS\HocTap\NamNhat\HKII\LTKTLT\Bonus_Project\Bonus_Project\Main.cpp(113,29): message : use of undefined type 'List_Student'
C:\Users\ADMIN\OneDrive - VNU-HCMUS\HocTap\NamNhat\HKII\LTKTLT\Bonus_Project\Bonus_Project\Project.h(74,8): message : see declaration of 'List_Student'
C:\Users\ADMIN\OneDrive - VNU-HCMUS\HocTap\NamNhat\HKII\LTKTLT\Bonus_Project\Bonus_Project\Project.h(86,6): message : see declaration of 'viewInfo'
C:\Users\ADMIN\OneDrive - VNU-HCMUS\HocTap\NamNhat\HKII\LTKTLT\Bonus_Project\Bonus_Project\Main.cpp(114,29): error C2664: 'void viewInfo(List_Staff,List_Student,ID_User *)': cannot convert argument 2 from 'int' to 'List_Student'
C:\Users\ADMIN\OneDrive - VNU-HCMUS\HocTap\NamNhat\HKII\LTKTLT\Bonus_Project\Bonus_Project\Main.cpp(114,29): message : use of undefined type 'List_Student'
C:\Users\ADMIN\OneDrive - VNU-HCMUS\HocTap\NamNhat\HKII\LTKTLT\Bonus_Project\Bonus_Project\Project.h(74,8): message : see declaration of 'List_Student'
C:\Users\ADMIN\OneDrive - VNU-HCMUS\HocTap\NamNhat\HKII\LTKTLT\Bonus_Project\Bonus_Project\Project.h(86,6): message : see declaration of 'viewInfo'
C:\Users\ADMIN\OneDrive - VNU-HCMUS\HocTap\NamNhat\HKII\LTKTLT\Bonus_Project\Bonus_Project\Main.cpp(115,29): error C2664: 'void viewInfo(List_Staff,List_Student,ID_User *)': cannot convert argument 2 from 'int' to 'List_Student'
C:\Users\ADMIN\OneDrive - VNU-HCMUS\HocTap\NamNhat\HKII\LTKTLT\Bonus_Project\Bonus_Project\Main.cpp(115,29): message : use of undefined type 'List_Student'
C:\Users\ADMIN\OneDrive - VNU-HCMUS\HocTap\NamNhat\HKII\LTKTLT\Bonus_Project\Bonus_Project\Project.h(74,8): message : see declaration of 'List_Student'
C:\Users\ADMIN\OneDrive - VNU-HCMUS\HocTap\NamNhat\HKII\LTKTLT\Bonus_Project\Bonus_Project\Project.h(86,6): message : see declaration of 'viewInfo'
C:\Users\ADMIN\OneDrive - VNU-HCMUS\HocTap\NamNhat\HKII\LTKTLT\Bonus_Project\Bonus_Project\Main.cpp(116,29): error C2664: 'void viewInfo(List_Staff,List_Student,ID_User *)': cannot convert argument 2 from 'int' to 'List_Student'
C:\Users\ADMIN\OneDrive - VNU-HCMUS\HocTap\NamNhat\HKII\LTKTLT\Bonus_Project\Bonus_Project\Main.cpp(116,29): message : use of undefined type 'List_Student'
C:\Users\ADMIN\OneDrive - VNU-HCMUS\HocTap\NamNhat\HKII\LTKTLT\Bonus_Project\Bonus_Project\Project.h(74,8): message : see declaration of 'List_Student'
C:\Users\ADMIN\OneDrive - VNU-HCMUS\HocTap\NamNhat\HKII\LTKTLT\Bonus_Project\Bonus_Project\Project.h(86,6): message : see declaration of 'viewInfo'
  Generating Code...
